<?xml version="1.0" encoding="UTF-8"?>
<testng-results ignored="0" total="1" passed="1" failed="0" skipped="0">
  <reporter-output>
  </reporter-output>
  <suite started-at="2021-04-26T06:14:03Z" name="Default suite" finished-at="2021-04-26T06:14:17Z" duration-ms="14265">
    <groups>
    </groups>
    <test started-at="2021-04-26T06:14:03Z" name="Default test" finished-at="2021-04-26T06:14:17Z" duration-ms="14265">
      <class name="script.SearchTestClass">
        <test-method is-config="true" signature="Openapp()[pri:0, instance:script.SearchTestClass@5f8edcc5]" started-at="2021-04-26T06:14:03Z" name="Openapp" finished-at="2021-04-26T06:14:06Z" duration-ms="3066" status="PASS">
          <reporter-output>
          </reporter-output>
        </test-method> <!-- Openapp -->
        <test-method signature="test_Searchisland()[pri:0, instance:script.SearchTestClass@5f8edcc5]" started-at="2021-04-26T06:14:06Z" name="test_Searchisland" finished-at="2021-04-26T06:14:16Z" duration-ms="10395" status="PASS">
          <reporter-output>
          </reporter-output>
        </test-method> <!-- test_Searchisland -->
        <test-method is-config="true" signature="closeApp()[pri:0, instance:script.SearchTestClass@5f8edcc5]" started-at="2021-04-26T06:14:16Z" name="closeApp" finished-at="2021-04-26T06:14:17Z" duration-ms="781" status="PASS">
          <reporter-output>
          </reporter-output>
        </test-method> <!-- closeApp -->
      </class> <!-- script.SearchTestClass -->
    </test> <!-- Default test -->
  </suite> <!-- Default suite -->
</testng-results>
